[2024-09-21T12:21:44.272+0000] {taskinstance.py:1087} INFO - Dependencies all met for <TaskInstance: dag_saver_v01.fetch_vk_data scheduled__2024-09-21T02:00:00+00:00 [queued]>
[2024-09-21T12:21:51.654+0000] {taskinstance.py:1087} INFO - Dependencies all met for <TaskInstance: dag_saver_v01.fetch_vk_data scheduled__2024-09-21T02:00:00+00:00 [queued]>
[2024-09-21T12:21:51.667+0000] {taskinstance.py:1283} INFO - 
--------------------------------------------------------------------------------
[2024-09-21T12:21:51.703+0000] {taskinstance.py:1284} INFO - Starting attempt 1 of 2
[2024-09-21T12:21:51.715+0000] {taskinstance.py:1285} INFO - 
--------------------------------------------------------------------------------
[2024-09-21T12:21:55.000+0000] {taskinstance.py:1304} INFO - Executing <Task(PythonOperator): fetch_vk_data> on 2024-09-21 02:00:00+00:00
[2024-09-21T12:21:55.461+0000] {standard_task_runner.py:55} INFO - Started process 13485 to run task
[2024-09-21T12:21:56.125+0000] {standard_task_runner.py:82} INFO - Running: ['***', 'tasks', 'run', 'dag_saver_v01', 'fetch_vk_data', 'scheduled__2024-09-21T02:00:00+00:00', '--job-id', '94', '--raw', '--subdir', 'DAGS_FOLDER/dag_saver.py', '--cfg-path', '/tmp/tmpljtkeo_2']
[2024-09-21T12:21:56.248+0000] {standard_task_runner.py:83} INFO - Job 94: Subtask fetch_vk_data
[2024-09-21T12:22:00.797+0000] {task_command.py:389} INFO - Running <TaskInstance: dag_saver_v01.fetch_vk_data scheduled__2024-09-21T02:00:00+00:00 [running]> on host 16da3808dee2
[2024-09-21T12:22:24.810+0000] {taskinstance.py:1513} INFO - Exporting the following env vars:
AIRFLOW_CTX_DAG_OWNER=Evgeniy
AIRFLOW_CTX_DAG_ID=dag_saver_v01
AIRFLOW_CTX_TASK_ID=fetch_vk_data
AIRFLOW_CTX_EXECUTION_DATE=2024-09-21T02:00:00+00:00
AIRFLOW_CTX_TRY_NUMBER=1
AIRFLOW_CTX_DAG_RUN_ID=scheduled__2024-09-21T02:00:00+00:00
[2024-09-21T12:23:03.067+0000] {local_task_job.py:159} INFO - Task exited with return code Negsignal.SIGKILL
[2024-09-21T12:23:12.059+0000] {taskinstance.py:2582} INFO - 0 downstream tasks scheduled from follow-on schedule check
