[2024-09-21T12:18:01.737+0000] {taskinstance.py:1087} INFO - Dependencies all met for <TaskInstance: dag_saver_v01.create_table_vk scheduled__2024-09-21T03:00:00+00:00 [queued]>
[2024-09-21T12:18:03.019+0000] {taskinstance.py:1087} INFO - Dependencies all met for <TaskInstance: dag_saver_v01.create_table_vk scheduled__2024-09-21T03:00:00+00:00 [queued]>
[2024-09-21T12:18:03.024+0000] {taskinstance.py:1283} INFO - 
--------------------------------------------------------------------------------
[2024-09-21T12:18:03.029+0000] {taskinstance.py:1284} INFO - Starting attempt 1 of 2
[2024-09-21T12:18:03.055+0000] {taskinstance.py:1285} INFO - 
--------------------------------------------------------------------------------
[2024-09-21T12:18:04.471+0000] {taskinstance.py:1304} INFO - Executing <Task(PostgresOperator): create_table_vk> on 2024-09-21 03:00:00+00:00
[2024-09-21T12:18:05.524+0000] {standard_task_runner.py:55} INFO - Started process 13376 to run task
[2024-09-21T12:18:05.828+0000] {standard_task_runner.py:82} INFO - Running: ['***', 'tasks', 'run', 'dag_saver_v01', 'create_table_vk', 'scheduled__2024-09-21T03:00:00+00:00', '--job-id', '77', '--raw', '--subdir', 'DAGS_FOLDER/dag_saver.py', '--cfg-path', '/tmp/tmpc2g25anp']
[2024-09-21T12:18:05.849+0000] {standard_task_runner.py:83} INFO - Job 77: Subtask create_table_vk
[2024-09-21T12:18:12.830+0000] {task_command.py:389} INFO - Running <TaskInstance: dag_saver_v01.create_table_vk scheduled__2024-09-21T03:00:00+00:00 [running]> on host 16da3808dee2
[2024-09-21T12:18:15.047+0000] {taskinstance.py:1513} INFO - Exporting the following env vars:
AIRFLOW_CTX_DAG_OWNER=Evgeniy
AIRFLOW_CTX_DAG_ID=dag_saver_v01
AIRFLOW_CTX_TASK_ID=create_table_vk
AIRFLOW_CTX_EXECUTION_DATE=2024-09-21T03:00:00+00:00
AIRFLOW_CTX_TRY_NUMBER=1
AIRFLOW_CTX_DAG_RUN_ID=scheduled__2024-09-21T03:00:00+00:00
[2024-09-21T12:18:15.096+0000] {sql.py:253} INFO - Executing: 
            create table if not exists vk_group_posts (
                id serial PRIMARY KEY,
                vk_group_link VARCHAR,
                vk_post_id INTEGER,
                vk_post_text VARCHAR,
                vk_post_comments VARCHAR,
                time_created timestamp default now()
            )
        
[2024-09-21T12:18:15.279+0000] {base.py:73} INFO - Using connection ID 'postgres_default' for task execution.
[2024-09-21T12:18:28.651+0000] {base.py:73} INFO - Using connection ID 'postgres_default' for task execution.
[2024-09-21T12:18:28.926+0000] {sql.py:364} INFO - Running statement: 
            create table if not exists vk_group_posts (
                id serial PRIMARY KEY,
                vk_group_link VARCHAR,
                vk_post_id INTEGER,
                vk_post_text VARCHAR,
                vk_post_comments VARCHAR,
                time_created timestamp default now()
            )
        , parameters: None
[2024-09-21T12:18:29.631+0000] {taskinstance.py:1327} INFO - Marking task as SUCCESS. dag_id=dag_saver_v01, task_id=create_table_vk, execution_date=20240921T030000, start_date=20240921T121802, end_date=20240921T121829
[2024-09-21T12:18:30.430+0000] {local_task_job.py:159} INFO - Task exited with return code 0
[2024-09-21T12:18:31.458+0000] {taskinstance.py:2582} INFO - 1 downstream tasks scheduled from follow-on schedule check
