[2024-09-21T12:19:08.624+0000] {taskinstance.py:1087} INFO - Dependencies all met for <TaskInstance: dag_saver_v01.insert_data scheduled__2024-09-21T01:00:00+00:00 [queued]>
[2024-09-21T12:19:12.738+0000] {taskinstance.py:1087} INFO - Dependencies all met for <TaskInstance: dag_saver_v01.insert_data scheduled__2024-09-21T01:00:00+00:00 [queued]>
[2024-09-21T12:19:12.785+0000] {taskinstance.py:1283} INFO - 
--------------------------------------------------------------------------------
[2024-09-21T12:19:12.824+0000] {taskinstance.py:1284} INFO - Starting attempt 1 of 2
[2024-09-21T12:19:12.829+0000] {taskinstance.py:1285} INFO - 
--------------------------------------------------------------------------------
[2024-09-21T12:19:13.666+0000] {taskinstance.py:1304} INFO - Executing <Task(PostgresOperator): insert_data> on 2024-09-21 01:00:00+00:00
[2024-09-21T12:19:14.271+0000] {standard_task_runner.py:55} INFO - Started process 13428 to run task
[2024-09-21T12:19:14.525+0000] {standard_task_runner.py:82} INFO - Running: ['***', 'tasks', 'run', 'dag_saver_v01', 'insert_data', 'scheduled__2024-09-21T01:00:00+00:00', '--job-id', '87', '--raw', '--subdir', 'DAGS_FOLDER/dag_saver.py', '--cfg-path', '/tmp/tmpkxvaqe96']
[2024-09-21T12:19:14.541+0000] {standard_task_runner.py:83} INFO - Job 87: Subtask insert_data
[2024-09-21T12:19:16.537+0000] {task_command.py:389} INFO - Running <TaskInstance: dag_saver_v01.insert_data scheduled__2024-09-21T01:00:00+00:00 [running]> on host 16da3808dee2
[2024-09-21T12:19:30.503+0000] {taskinstance.py:1513} INFO - Exporting the following env vars:
AIRFLOW_CTX_DAG_OWNER=Evgeniy
AIRFLOW_CTX_DAG_ID=dag_saver_v01
AIRFLOW_CTX_TASK_ID=insert_data
AIRFLOW_CTX_EXECUTION_DATE=2024-09-21T01:00:00+00:00
AIRFLOW_CTX_TRY_NUMBER=1
AIRFLOW_CTX_DAG_RUN_ID=scheduled__2024-09-21T01:00:00+00:00
[2024-09-21T12:19:30.873+0000] {sql.py:253} INFO - Executing: 
            insert into vk_group_posts (vk_group_link, vk_post_id, vk_post_text, vk_post_comments) 
            select 'kuplinovplay',
                    '5124129',
                    'Из видео "КУПЛИНОВ КУПИЛ ЭЛЕКТРОВОЗ (ЗРЯ) ► Trans-Siberian Railway Simulator"

#мемы #KuplinovPlay #TransSiberianRailwaySimulator',
                    ':Хахахаха::Вхахахах::Когда всё получилось::это я во время просмотра видео про этот поезд. чуть не сошёл с ума 🤣::, тоже😆::Открыла этот мем, а у меня играла эта песня и там шёл напряжённый проигрыш::Да ну нафиг этот симулятор машиниста, пусть машинисты на нем учатся, то сделай, се сделай, зад почеши и не дыши, с ума сойдёшь пока все это сделаешь и попробуй все запомни, я лучше максимальную скорость сделаю и выйду из поезда и пусть он катится лесом, в такой игре нужен либо кооператив или напарник бот, одному это сложно будет делать, в реальной жизни на сколько я знаю так и есть, поезд ведут двое я конечно в этой сфере не разбираюсь, но часто вижу по двое машинистов, что в принципе логично, поездки порой долгие и мало ли в туалет приспичит, не в окно же ходить::, в реальной жизни да, поезд ведут двое. Система помощи хорошо в MSFS реализована. Второй пилот делает вообще всё, твоя задача чисто доехать до полосы и взлететь. Игра ничего не требует от тех, кто просто полетать зашел. А тут в инди игру симулятор запихнули::, она очень тяжёлая, может кому-то взойдет, но это очень сложно, и после 15 минут возюкания и ничего не происхождения она надоедает и хочется завести этот поезд чтобы расфигачить его и больше не кататься::, в обучении половины от реала нет 🤣. 

Там буферные огни включать надо, сигналы подавать, проверки тормозов, запуск в определенном порядке по идее. 

И далеко не всегда двое ведут, бывает и в одного.::, не это очень сложно даже для игры, я не спорю кому то нравится но даже смотря как это долго делать с ума сойти можно, мне игра не нравится, это как кликеры на телефоне, хрень полная, но кому-то нравится, работа машиниста очень сложная, а их истории про жесть на путях это ужас, я даже рассказ написал поезд под водой, но не моя эта тема, уж слишком все мудрено, я больше по старым спортивным тачкам по типу форд мустанг 69 года::, ну так в этом то и прикол игры. Вам не понравилось,но при этом есть прослойка игроков которым ровно наоборот нравится именно такое и именно они являются целевой аудиторией подобных симуляторов.::, это да::, игра лёгкая вы чего) специально упрощённая. В реальной жизни конечно только истинный машинист знает всю суть)::Куплинов к концу игры о профессии:'
            where not exists(
                select vk_post_id from vk_group_posts where vk_post_id = '5124129'
            )
               
[2024-09-21T12:19:38.094+0000] {base.py:73} INFO - Using connection ID 'postgres_default' for task execution.
[2024-09-21T12:20:26.685+0000] {base.py:73} INFO - Using connection ID 'postgres_default' for task execution.
[2024-09-21T12:20:26.973+0000] {sql.py:364} INFO - Running statement: 
            insert into vk_group_posts (vk_group_link, vk_post_id, vk_post_text, vk_post_comments) 
            select 'kuplinovplay',
                    '5124129',
                    'Из видео "КУПЛИНОВ КУПИЛ ЭЛЕКТРОВОЗ (ЗРЯ) ► Trans-Siberian Railway Simulator"

#мемы #KuplinovPlay #TransSiberianRailwaySimulator',
                    ':Хахахаха::Вхахахах::Когда всё получилось::это я во время просмотра видео про этот поезд. чуть не сошёл с ума 🤣::, тоже😆::Открыла этот мем, а у меня играла эта песня и там шёл напряжённый проигрыш::Да ну нафиг этот симулятор машиниста, пусть машинисты на нем учатся, то сделай, се сделай, зад почеши и не дыши, с ума сойдёшь пока все это сделаешь и попробуй все запомни, я лучше максимальную скорость сделаю и выйду из поезда и пусть он катится лесом, в такой игре нужен либо кооператив или напарник бот, одному это сложно будет делать, в реальной жизни на сколько я знаю так и есть, поезд ведут двое я конечно в этой сфере не разбираюсь, но часто вижу по двое машинистов, что в принципе логично, поездки порой долгие и мало ли в туалет приспичит, не в окно же ходить::, в реальной жизни да, поезд ведут двое. Система помощи хорошо в MSFS реализована. Второй пилот делает вообще всё, твоя задача чисто доехать до полосы и взлететь. Игра ничего не требует от тех, кто просто полетать зашел. А тут в инди игру симулятор запихнули::, она очень тяжёлая, может кому-то взойдет, но это очень сложно, и после 15 минут возюкания и ничего не происхождения она надоедает и хочется завести этот поезд чтобы расфигачить его и больше не кататься::, в обучении половины от реала нет 🤣. 

Там буферные огни включать надо, сигналы подавать, проверки тормозов, запуск в определенном порядке по идее. 

И далеко не всегда двое ведут, бывает и в одного.::, не это очень сложно даже для игры, я не спорю кому то нравится но даже смотря как это долго делать с ума сойти можно, мне игра не нравится, это как кликеры на телефоне, хрень полная, но кому-то нравится, работа машиниста очень сложная, а их истории про жесть на путях это ужас, я даже рассказ написал поезд под водой, но не моя эта тема, уж слишком все мудрено, я больше по старым спортивным тачкам по типу форд мустанг 69 года::, ну так в этом то и прикол игры. Вам не понравилось,но при этом есть прослойка игроков которым ровно наоборот нравится именно такое и именно они являются целевой аудиторией подобных симуляторов.::, это да::, игра лёгкая вы чего) специально упрощённая. В реальной жизни конечно только истинный машинист знает всю суть)::Куплинов к концу игры о профессии:'
            where not exists(
                select vk_post_id from vk_group_posts where vk_post_id = '5124129'
            )
               , parameters: None
[2024-09-21T12:20:27.073+0000] {sql.py:373} INFO - Rows affected: 0
[2024-09-21T12:20:27.872+0000] {taskinstance.py:1327} INFO - Marking task as SUCCESS. dag_id=dag_saver_v01, task_id=insert_data, execution_date=20240921T010000, start_date=20240921T121910, end_date=20240921T122027
[2024-09-21T12:20:46.105+0000] {local_task_job.py:159} INFO - Task exited with return code 0
[2024-09-21T12:20:48.562+0000] {taskinstance.py:2582} INFO - 0 downstream tasks scheduled from follow-on schedule check
