[2024-09-21T11:01:28.220+0000] {taskinstance.py:1087} INFO - Dependencies all met for <TaskInstance: dag_saver_v01.fetch_vk_data manual__2024-09-21T11:01:25.958136+00:00 [queued]>
[2024-09-21T11:01:28.225+0000] {taskinstance.py:1087} INFO - Dependencies all met for <TaskInstance: dag_saver_v01.fetch_vk_data manual__2024-09-21T11:01:25.958136+00:00 [queued]>
[2024-09-21T11:01:28.225+0000] {taskinstance.py:1283} INFO - 
--------------------------------------------------------------------------------
[2024-09-21T11:01:28.225+0000] {taskinstance.py:1284} INFO - Starting attempt 1 of 2
[2024-09-21T11:01:28.225+0000] {taskinstance.py:1285} INFO - 
--------------------------------------------------------------------------------
[2024-09-21T11:01:28.231+0000] {taskinstance.py:1304} INFO - Executing <Task(PythonOperator): fetch_vk_data> on 2024-09-21 11:01:25.958136+00:00
[2024-09-21T11:01:28.234+0000] {standard_task_runner.py:55} INFO - Started process 7271 to run task
[2024-09-21T11:01:28.236+0000] {standard_task_runner.py:82} INFO - Running: ['***', 'tasks', 'run', 'dag_saver_v01', 'fetch_vk_data', 'manual__2024-09-21T11:01:25.958136+00:00', '--job-id', '51', '--raw', '--subdir', 'DAGS_FOLDER/dag_saver.py', '--cfg-path', '/tmp/tmp6bytj95m']
[2024-09-21T11:01:28.236+0000] {standard_task_runner.py:83} INFO - Job 51: Subtask fetch_vk_data
[2024-09-21T11:01:28.280+0000] {task_command.py:389} INFO - Running <TaskInstance: dag_saver_v01.fetch_vk_data manual__2024-09-21T11:01:25.958136+00:00 [running]> on host 16da3808dee2
[2024-09-21T11:01:28.320+0000] {taskinstance.py:1513} INFO - Exporting the following env vars:
AIRFLOW_CTX_DAG_OWNER=<NAME>
AIRFLOW_CTX_DAG_ID=dag_saver_v01
AIRFLOW_CTX_TASK_ID=fetch_vk_data
AIRFLOW_CTX_EXECUTION_DATE=2024-09-21T11:01:25.958136+00:00
AIRFLOW_CTX_TRY_NUMBER=1
AIRFLOW_CTX_DAG_RUN_ID=manual__2024-09-21T11:01:25.958136+00:00
[2024-09-21T11:01:28.862+0000] {python.py:177} INFO - Done. Returned value was: None
[2024-09-21T11:01:28.882+0000] {taskinstance.py:1327} INFO - Marking task as SUCCESS. dag_id=dag_saver_v01, task_id=fetch_vk_data, execution_date=20240921T110125, start_date=20240921T110128, end_date=20240921T110128
[2024-09-21T11:01:28.978+0000] {local_task_job.py:159} INFO - Task exited with return code 0
[2024-09-21T11:01:29.072+0000] {taskinstance.py:2582} INFO - 0 downstream tasks scheduled from follow-on schedule check
