[2024-09-21T11:34:44.764+0000] {taskinstance.py:1087} INFO - Dependencies all met for <TaskInstance: dag_saver_v01.fetch_vk_data manual__2024-09-21T11:34:38.981862+00:00 [queued]>
[2024-09-21T11:34:44.771+0000] {taskinstance.py:1087} INFO - Dependencies all met for <TaskInstance: dag_saver_v01.fetch_vk_data manual__2024-09-21T11:34:38.981862+00:00 [queued]>
[2024-09-21T11:34:44.771+0000] {taskinstance.py:1283} INFO - 
--------------------------------------------------------------------------------
[2024-09-21T11:34:44.771+0000] {taskinstance.py:1284} INFO - Starting attempt 1 of 2
[2024-09-21T11:34:44.771+0000] {taskinstance.py:1285} INFO - 
--------------------------------------------------------------------------------
[2024-09-21T11:34:44.780+0000] {taskinstance.py:1304} INFO - Executing <Task(PythonOperator): fetch_vk_data> on 2024-09-21 11:34:38.981862+00:00
[2024-09-21T11:34:44.783+0000] {standard_task_runner.py:55} INFO - Started process 9948 to run task
[2024-09-21T11:34:44.786+0000] {standard_task_runner.py:82} INFO - Running: ['***', 'tasks', 'run', 'dag_saver_v01', 'fetch_vk_data', 'manual__2024-09-21T11:34:38.981862+00:00', '--job-id', '63', '--raw', '--subdir', 'DAGS_FOLDER/dag_saver.py', '--cfg-path', '/tmp/tmpvyqhswqo']
[2024-09-21T11:34:44.787+0000] {standard_task_runner.py:83} INFO - Job 63: Subtask fetch_vk_data
[2024-09-21T11:34:44.835+0000] {task_command.py:389} INFO - Running <TaskInstance: dag_saver_v01.fetch_vk_data manual__2024-09-21T11:34:38.981862+00:00 [running]> on host 16da3808dee2
[2024-09-21T11:34:44.879+0000] {taskinstance.py:1513} INFO - Exporting the following env vars:
AIRFLOW_CTX_DAG_OWNER=<NAME>
AIRFLOW_CTX_DAG_ID=dag_saver_v01
AIRFLOW_CTX_TASK_ID=fetch_vk_data
AIRFLOW_CTX_EXECUTION_DATE=2024-09-21T11:34:38.981862+00:00
AIRFLOW_CTX_TRY_NUMBER=1
AIRFLOW_CTX_DAG_RUN_ID=manual__2024-09-21T11:34:38.981862+00:00
[2024-09-21T11:34:45.623+0000] {python.py:177} INFO - Done. Returned value was: None
[2024-09-21T11:34:45.632+0000] {taskinstance.py:1327} INFO - Marking task as SUCCESS. dag_id=dag_saver_v01, task_id=fetch_vk_data, execution_date=20240921T113438, start_date=20240921T113444, end_date=20240921T113445
[2024-09-21T11:34:45.707+0000] {local_task_job.py:159} INFO - Task exited with return code 0
[2024-09-21T11:34:45.782+0000] {taskinstance.py:2582} INFO - 1 downstream tasks scheduled from follow-on schedule check
