[2024-09-21T12:21:02.360+0000] {taskinstance.py:1087} INFO - Dependencies all met for <TaskInstance: dag_saver_v01.fetch_vk_data scheduled__2024-09-21T06:00:00+00:00 [queued]>
[2024-09-21T12:21:23.145+0000] {taskinstance.py:1087} INFO - Dependencies all met for <TaskInstance: dag_saver_v01.fetch_vk_data scheduled__2024-09-21T06:00:00+00:00 [queued]>
[2024-09-21T12:21:23.324+0000] {taskinstance.py:1283} INFO - 
--------------------------------------------------------------------------------
[2024-09-21T12:21:24.445+0000] {taskinstance.py:1284} INFO - Starting attempt 1 of 2
[2024-09-21T12:21:25.867+0000] {taskinstance.py:1285} INFO - 
--------------------------------------------------------------------------------
[2024-09-21T12:21:44.470+0000] {taskinstance.py:1304} INFO - Executing <Task(PythonOperator): fetch_vk_data> on 2024-09-21 06:00:00+00:00
[2024-09-21T12:21:44.522+0000] {standard_task_runner.py:55} INFO - Started process 13476 to run task
[2024-09-21T12:21:44.811+0000] {standard_task_runner.py:82} INFO - Running: ['***', 'tasks', 'run', 'dag_saver_v01', 'fetch_vk_data', 'scheduled__2024-09-21T06:00:00+00:00', '--job-id', '92', '--raw', '--subdir', 'DAGS_FOLDER/dag_saver.py', '--cfg-path', '/tmp/tmpw9zyi68w']
[2024-09-21T12:21:44.841+0000] {standard_task_runner.py:83} INFO - Job 92: Subtask fetch_vk_data
[2024-09-21T12:21:55.729+0000] {task_command.py:389} INFO - Running <TaskInstance: dag_saver_v01.fetch_vk_data scheduled__2024-09-21T06:00:00+00:00 [running]> on host 16da3808dee2
[2024-09-21T12:22:01.078+0000] {taskinstance.py:1513} INFO - Exporting the following env vars:
AIRFLOW_CTX_DAG_OWNER=Evgeniy
AIRFLOW_CTX_DAG_ID=dag_saver_v01
AIRFLOW_CTX_TASK_ID=fetch_vk_data
AIRFLOW_CTX_EXECUTION_DATE=2024-09-21T06:00:00+00:00
AIRFLOW_CTX_TRY_NUMBER=1
AIRFLOW_CTX_DAG_RUN_ID=scheduled__2024-09-21T06:00:00+00:00
[2024-09-21T12:23:02.791+0000] {local_task_job.py:159} INFO - Task exited with return code Negsignal.SIGKILL
[2024-09-21T12:23:11.423+0000] {taskinstance.py:2582} INFO - 0 downstream tasks scheduled from follow-on schedule check
