[2024-09-21T12:19:14.937+0000] {taskinstance.py:1087} INFO - Dependencies all met for <TaskInstance: dag_saver_v01.fetch_vk_data scheduled__2024-09-21T11:00:00+00:00 [queued]>
[2024-09-21T12:19:15.398+0000] {taskinstance.py:1087} INFO - Dependencies all met for <TaskInstance: dag_saver_v01.fetch_vk_data scheduled__2024-09-21T11:00:00+00:00 [queued]>
[2024-09-21T12:19:15.429+0000] {taskinstance.py:1283} INFO - 
--------------------------------------------------------------------------------
[2024-09-21T12:19:15.443+0000] {taskinstance.py:1284} INFO - Starting attempt 1 of 2
[2024-09-21T12:19:15.453+0000] {taskinstance.py:1285} INFO - 
--------------------------------------------------------------------------------
[2024-09-21T12:19:16.417+0000] {taskinstance.py:1304} INFO - Executing <Task(PythonOperator): fetch_vk_data> on 2024-09-21 11:00:00+00:00
[2024-09-21T12:19:16.557+0000] {standard_task_runner.py:55} INFO - Started process 13429 to run task
[2024-09-21T12:19:16.631+0000] {standard_task_runner.py:82} INFO - Running: ['***', 'tasks', 'run', 'dag_saver_v01', 'fetch_vk_data', 'scheduled__2024-09-21T11:00:00+00:00', '--job-id', '88', '--raw', '--subdir', 'DAGS_FOLDER/dag_saver.py', '--cfg-path', '/tmp/tmpml_gviju']
[2024-09-21T12:19:16.639+0000] {standard_task_runner.py:83} INFO - Job 88: Subtask fetch_vk_data
[2024-09-21T12:19:18.677+0000] {task_command.py:389} INFO - Running <TaskInstance: dag_saver_v01.fetch_vk_data scheduled__2024-09-21T11:00:00+00:00 [running]> on host 16da3808dee2
[2024-09-21T12:19:41.526+0000] {taskinstance.py:1513} INFO - Exporting the following env vars:
AIRFLOW_CTX_DAG_OWNER=Evgeniy
AIRFLOW_CTX_DAG_ID=dag_saver_v01
AIRFLOW_CTX_TASK_ID=fetch_vk_data
AIRFLOW_CTX_EXECUTION_DATE=2024-09-21T11:00:00+00:00
AIRFLOW_CTX_TRY_NUMBER=1
AIRFLOW_CTX_DAG_RUN_ID=scheduled__2024-09-21T11:00:00+00:00
[2024-09-21T12:20:24.924+0000] {python.py:177} INFO - Done. Returned value was: None
[2024-09-21T12:20:25.566+0000] {taskinstance.py:1327} INFO - Marking task as SUCCESS. dag_id=dag_saver_v01, task_id=fetch_vk_data, execution_date=20240921T110000, start_date=20240921T121915, end_date=20240921T122025
[2024-09-21T12:20:25.985+0000] {local_task_job.py:159} INFO - Task exited with return code 0
[2024-09-21T12:20:26.960+0000] {taskinstance.py:2582} INFO - 1 downstream tasks scheduled from follow-on schedule check
