[2024-09-21T10:48:50.250+0000] {taskinstance.py:1087} INFO - Dependencies all met for <TaskInstance: dag_saver_v01.fetch_vk_data manual__2024-09-21T10:43:41.810136+00:00 [queued]>
[2024-09-21T10:48:50.255+0000] {taskinstance.py:1087} INFO - Dependencies all met for <TaskInstance: dag_saver_v01.fetch_vk_data manual__2024-09-21T10:43:41.810136+00:00 [queued]>
[2024-09-21T10:48:50.256+0000] {taskinstance.py:1283} INFO - 
--------------------------------------------------------------------------------
[2024-09-21T10:48:50.256+0000] {taskinstance.py:1284} INFO - Starting attempt 2 of 2
[2024-09-21T10:48:50.256+0000] {taskinstance.py:1285} INFO - 
--------------------------------------------------------------------------------
[2024-09-21T10:48:50.265+0000] {taskinstance.py:1304} INFO - Executing <Task(PythonOperator): fetch_vk_data> on 2024-09-21 10:43:41.810136+00:00
[2024-09-21T10:48:50.269+0000] {standard_task_runner.py:55} INFO - Started process 6221 to run task
[2024-09-21T10:48:50.272+0000] {standard_task_runner.py:82} INFO - Running: ['***', 'tasks', 'run', 'dag_saver_v01', 'fetch_vk_data', 'manual__2024-09-21T10:43:41.810136+00:00', '--job-id', '29', '--raw', '--subdir', 'DAGS_FOLDER/dag_saver.py', '--cfg-path', '/tmp/tmpcbtze4pz']
[2024-09-21T10:48:50.272+0000] {standard_task_runner.py:83} INFO - Job 29: Subtask fetch_vk_data
[2024-09-21T10:48:50.314+0000] {task_command.py:389} INFO - Running <TaskInstance: dag_saver_v01.fetch_vk_data manual__2024-09-21T10:43:41.810136+00:00 [running]> on host 16da3808dee2
[2024-09-21T10:48:50.355+0000] {taskinstance.py:1513} INFO - Exporting the following env vars:
AIRFLOW_CTX_DAG_OWNER=<NAME>
AIRFLOW_CTX_DAG_ID=dag_saver_v01
AIRFLOW_CTX_TASK_ID=fetch_vk_data
AIRFLOW_CTX_EXECUTION_DATE=2024-09-21T10:43:41.810136+00:00
AIRFLOW_CTX_TRY_NUMBER=2
AIRFLOW_CTX_DAG_RUN_ID=manual__2024-09-21T10:43:41.810136+00:00
[2024-09-21T10:48:50.786+0000] {python.py:177} INFO - Done. Returned value was: None
[2024-09-21T10:48:50.795+0000] {taskinstance.py:1327} INFO - Marking task as SUCCESS. dag_id=dag_saver_v01, task_id=fetch_vk_data, execution_date=20240921T104341, start_date=20240921T104850, end_date=20240921T104850
[2024-09-21T10:48:50.831+0000] {local_task_job.py:159} INFO - Task exited with return code 0
[2024-09-21T10:48:50.953+0000] {taskinstance.py:2582} INFO - 1 downstream tasks scheduled from follow-on schedule check
