[2024-09-21T10:56:59.194+0000] {taskinstance.py:1087} INFO - Dependencies all met for <TaskInstance: dag_saver_v01.fetch_vk_data manual__2024-09-21T10:56:56.625966+00:00 [queued]>
[2024-09-21T10:56:59.199+0000] {taskinstance.py:1087} INFO - Dependencies all met for <TaskInstance: dag_saver_v01.fetch_vk_data manual__2024-09-21T10:56:56.625966+00:00 [queued]>
[2024-09-21T10:56:59.199+0000] {taskinstance.py:1283} INFO - 
--------------------------------------------------------------------------------
[2024-09-21T10:56:59.199+0000] {taskinstance.py:1284} INFO - Starting attempt 1 of 2
[2024-09-21T10:56:59.199+0000] {taskinstance.py:1285} INFO - 
--------------------------------------------------------------------------------
[2024-09-21T10:56:59.207+0000] {taskinstance.py:1304} INFO - Executing <Task(PythonOperator): fetch_vk_data> on 2024-09-21 10:56:56.625966+00:00
[2024-09-21T10:56:59.211+0000] {standard_task_runner.py:55} INFO - Started process 6907 to run task
[2024-09-21T10:56:59.215+0000] {standard_task_runner.py:82} INFO - Running: ['***', 'tasks', 'run', 'dag_saver_v01', 'fetch_vk_data', 'manual__2024-09-21T10:56:56.625966+00:00', '--job-id', '45', '--raw', '--subdir', 'DAGS_FOLDER/dag_saver.py', '--cfg-path', '/tmp/tmp_qc1cfrk']
[2024-09-21T10:56:59.216+0000] {standard_task_runner.py:83} INFO - Job 45: Subtask fetch_vk_data
[2024-09-21T10:56:59.256+0000] {task_command.py:389} INFO - Running <TaskInstance: dag_saver_v01.fetch_vk_data manual__2024-09-21T10:56:56.625966+00:00 [running]> on host 16da3808dee2
[2024-09-21T10:56:59.295+0000] {taskinstance.py:1513} INFO - Exporting the following env vars:
AIRFLOW_CTX_DAG_OWNER=<NAME>
AIRFLOW_CTX_DAG_ID=dag_saver_v01
AIRFLOW_CTX_TASK_ID=fetch_vk_data
AIRFLOW_CTX_EXECUTION_DATE=2024-09-21T10:56:56.625966+00:00
AIRFLOW_CTX_TRY_NUMBER=1
AIRFLOW_CTX_DAG_RUN_ID=manual__2024-09-21T10:56:56.625966+00:00
[2024-09-21T10:56:59.787+0000] {python.py:177} INFO - Done. Returned value was: None
[2024-09-21T10:56:59.795+0000] {taskinstance.py:1327} INFO - Marking task as SUCCESS. dag_id=dag_saver_v01, task_id=fetch_vk_data, execution_date=20240921T105656, start_date=20240921T105659, end_date=20240921T105659
[2024-09-21T10:56:59.813+0000] {local_task_job.py:159} INFO - Task exited with return code 0
[2024-09-21T10:56:59.834+0000] {taskinstance.py:2582} INFO - 1 downstream tasks scheduled from follow-on schedule check
